INFO:     Started server process [16836]
INFO:     Waiting for application startup.
INFO:     Application startup complete.
INFO:     Uvicorn running on http://127.0.0.1:8765 (Press CTRL+C to quit)
[run_backend] Backend exited unexpectedly (code=1, signal=null). Restarting in 1500ms...
INFO:     Started server process [103664]
INFO:     Waiting for application startup.
INFO:     Application startup complete.
ERROR:    [Errno 10048] error while attempting to bind on address ('127.0.0.1', 8765): 通常每个套接字地址(协议/网络地址/端口)只允许使用一次。
INFO:     Waiting for application shutdown.
INFO:     Application shutdown complete.
[run_backend] Backend exited unexpectedly (code=1, signal=null). Restarting in 1500ms...
INFO:     Started server process [109968]
INFO:     Waiting for application startup.
INFO:     Application startup complete.
INFO:     Uvicorn running on http://127.0.0.1:8765 (Press CTRL+C to quit)
[run_backend] Backend exited unexpectedly (code=1, signal=null). Restarting in 1500ms...
INFO:     Started server process [109516]
INFO:     Waiting for application startup.
INFO:     Application startup complete.
INFO:     Uvicorn running on http://127.0.0.1:8765 (Press CTRL+C to quit)
[run_backend] Backend exited unexpectedly (code=1, signal=null). Restarting in 1500ms...
INFO:     Started server process [113276]
INFO:     Waiting for application startup.
INFO:     Application startup complete.
ERROR:    [Errno 10048] error while attempting to bind on address ('127.0.0.1', 8765): 通常每个套接字地址(协议/网络地址/端口)只允许使用一次。
INFO:     Waiting for application shutdown.
INFO:     Application shutdown complete.
[run_backend] Backend exited unexpectedly (code=1, signal=null). Restarting in 1500ms...
INFO:     Started server process [90376]
INFO:     Waiting for application startup.
INFO:     Application startup complete.
INFO:     Uvicorn running on http://127.0.0.1:8765 (Press CTRL+C to quit)
[run_backend] Backend exited unexpectedly (code=1, signal=null). Restarting in 1500ms...
INFO:     Started server process [115948]
INFO:     Waiting for application startup.
INFO:     Application startup complete.
ERROR:    [Errno 10048] error while attempting to bind on address ('127.0.0.1', 8765): 通常每个套接字地址(协议/网络地址/端口)只允许使用一次。
INFO:     Waiting for application shutdown.
INFO:     Application shutdown complete.
[run_backend] Backend exited unexpectedly (code=1, signal=null). Restarting in 1500ms...
INFO:     Started server process [81472]
INFO:     Waiting for application startup.
INFO:     Application startup complete.
INFO:     Uvicorn running on http://127.0.0.1:8765 (Press CTRL+C to quit)
[run_backend] Backend exited unexpectedly (code=1, signal=null). Restarting in 1500ms...
INFO:     Started server process [116872]
INFO:     Waiting for application startup.
INFO:     Application startup complete.
INFO:     Uvicorn running on http://127.0.0.1:8765 (Press CTRL+C to quit)
[run_backend] Backend exited unexpectedly (code=1, signal=null). Restarting in 1500ms...
INFO:     Started server process [116612]
INFO:     Waiting for application startup.
INFO:     Application startup complete.
INFO:     Uvicorn running on http://127.0.0.1:8765 (Press CTRL+C to quit)
[run_backend] Backend exited unexpectedly (code=1, signal=null). Restarting in 1500ms...
INFO:     Started server process [116840]
INFO:     Waiting for application startup.
INFO:     Application startup complete.
ERROR:    [Errno 10048] error while attempting to bind on address ('127.0.0.1', 8765): 通常每个套接字地址(协议/网络地址/端口)只允许使用一次。
INFO:     Waiting for application shutdown.
INFO:     Application shutdown complete.
[run_backend] Backend exited unexpectedly (code=1, signal=null). Restarting in 1500ms...
INFO:     Started server process [116620]
INFO:     Waiting for application startup.
INFO:     Application startup complete.
INFO:     Uvicorn running on http://127.0.0.1:8765 (Press CTRL+C to quit)
[run_backend] Backend exited unexpectedly (code=1, signal=null). Restarting in 1500ms...
INFO:     Started server process [111280]
INFO:     Waiting for application startup.
INFO:     Application startup complete.
INFO:     Uvicorn running on http://127.0.0.1:8765 (Press CTRL+C to quit)
[run_backend] Backend exited unexpectedly (code=1, signal=null). Restarting in 1500ms...
INFO:     Started server process [100496]
INFO:     Waiting for application startup.
INFO:     Application startup complete.
ERROR:    [Errno 10048] error while attempting to bind on address ('127.0.0.1', 8765): 通常每个套接字地址(协议/网络地址/端口)只允许使用一次。
INFO:     Waiting for application shutdown.
INFO:     Application shutdown complete.
[run_backend] Backend exited unexpectedly (code=1, signal=null). Restarting in 1500ms...
INFO:     Started server process [117164]
INFO:     Waiting for application startup.
INFO:     Application startup complete.
INFO:     Uvicorn running on http://127.0.0.1:8765 (Press CTRL+C to quit)
[run_backend] Backend exited unexpectedly (code=1, signal=null). Restarting in 1500ms...
INFO:     Started server process [30500]
INFO:     Waiting for application startup.
INFO:     Application startup complete.
ERROR:    [Errno 10048] error while attempting to bind on address ('127.0.0.1', 8765): 通常每个套接字地址(协议/网络地址/端口)只允许使用一次。
INFO:     Waiting for application shutdown.
INFO:     Application shutdown complete.
[run_backend] Backend exited unexpectedly (code=1, signal=null). Restarting in 1500ms...
INFO:     Started server process [69724]
INFO:     Waiting for application startup.
INFO:     Application startup complete.
INFO:     Uvicorn running on http://127.0.0.1:8765 (Press CTRL+C to quit)
[run_backend] Backend exited unexpectedly (code=1, signal=null). Restarting in 1500ms...
INFO:     Started server process [87420]
INFO:     Waiting for application startup.
INFO:     Application startup complete.
INFO:     Uvicorn running on http://127.0.0.1:8765 (Press CTRL+C to quit)
[run_backend] Backend exited unexpectedly (code=1, signal=null). Restarting in 1500ms...
INFO:     Started server process [86024]
INFO:     Waiting for application startup.
INFO:     Application startup complete.
INFO:     Uvicorn running on http://127.0.0.1:8765 (Press CTRL+C to quit)
[run_backend] Backend exited unexpectedly (code=1, signal=null). Restarting in 1500ms...
INFO:     Started server process [112368]
INFO:     Waiting for application startup.
INFO:     Application startup complete.
INFO:     Uvicorn running on http://127.0.0.1:8765 (Press CTRL+C to quit)
[run_backend] Backend exited unexpectedly (code=1, signal=null). Restarting in 1500ms...
INFO:     Started server process [112844]
INFO:     Waiting for application startup.
INFO:     Application startup complete.
INFO:     Uvicorn running on http://127.0.0.1:8765 (Press CTRL+C to quit)
[run_backend] Backend exited unexpectedly (code=1, signal=null). Restarting in 1500ms...
INFO:     Started server process [64144]
INFO:     Waiting for application startup.
INFO:     Application startup complete.
INFO:     Uvicorn running on http://127.0.0.1:8765 (Press CTRL+C to quit)
[run_backend] Backend exited unexpectedly (code=1, signal=null). Restarting in 1500ms...
INFO:     Started server process [109908]
INFO:     Waiting for application startup.
INFO:     Application startup complete.
INFO:     Uvicorn running on http://127.0.0.1:8765 (Press CTRL+C to quit)
[run_backend] Backend exited unexpectedly (code=1, signal=null). Restarting in 1500ms...
INFO:     Started server process [114612]
INFO:     Waiting for application startup.
INFO:     Application startup complete.
INFO:     Uvicorn running on http://127.0.0.1:8765 (Press CTRL+C to quit)
[run_backend] Backend exited unexpectedly (code=1, signal=null). Restarting in 1500ms...
INFO:     Started server process [111292]
INFO:     Waiting for application startup.
INFO:     Application startup complete.
INFO:     Uvicorn running on http://127.0.0.1:8765 (Press CTRL+C to quit)
[run_backend] Backend exited unexpectedly (code=1, signal=null). Restarting in 1500ms...
INFO:     Started server process [105716]
INFO:     Waiting for application startup.
INFO:     Application startup complete.
INFO:     Uvicorn running on http://127.0.0.1:8765 (Press CTRL+C to quit)
[run_backend] Backend exited unexpectedly (code=1, signal=null). Restarting in 1500ms...
INFO:     Started server process [112204]
INFO:     Waiting for application startup.
INFO:     Application startup complete.
INFO:     Uvicorn running on http://127.0.0.1:8765 (Press CTRL+C to quit)
[run_backend] Backend exited unexpectedly (code=1, signal=null). Restarting in 1500ms...
INFO:     Started server process [107332]
INFO:     Waiting for application startup.
INFO:     Application startup complete.
INFO:     Uvicorn running on http://127.0.0.1:8765 (Press CTRL+C to quit)
[run_backend] Backend exited unexpectedly (code=1, signal=null). Restarting in 1500ms...
INFO:     Started server process [114124]
INFO:     Waiting for application startup.
INFO:     Application startup complete.
INFO:     Uvicorn running on http://127.0.0.1:8765 (Press CTRL+C to quit)
[run_backend] Backend exited unexpectedly (code=1, signal=null). Restarting in 1500ms...
INFO:     Started server process [117184]
INFO:     Waiting for application startup.
INFO:     Application startup complete.
INFO:     Uvicorn running on http://127.0.0.1:8765 (Press CTRL+C to quit)
[run_backend] Backend exited unexpectedly (code=1, signal=null). Restarting in 1500ms...
INFO:     Started server process [114812]
INFO:     Waiting for application startup.
INFO:     Application startup complete.
INFO:     Uvicorn running on http://127.0.0.1:8765 (Press CTRL+C to quit)
[run_backend] Backend exited unexpectedly (code=1, signal=null). Restarting in 1500ms...
INFO:     Started server process [24716]
INFO:     Waiting for application startup.
INFO:     Application startup complete.
INFO:     Uvicorn running on http://127.0.0.1:8765 (Press CTRL+C to quit)
[run_backend] Backend exited unexpectedly (code=1, signal=null). Restarting in 1500ms...
INFO:     Started server process [117308]
INFO:     Waiting for application startup.
INFO:     Application startup complete.
INFO:     Uvicorn running on http://127.0.0.1:8765 (Press CTRL+C to quit)
[run_backend] Backend exited unexpectedly (code=1, signal=null). Restarting in 1500ms...
INFO:     Started server process [90172]
INFO:     Waiting for application startup.
INFO:     Application startup complete.
INFO:     Uvicorn running on http://127.0.0.1:8765 (Press CTRL+C to quit)
[run_backend] Backend exited unexpectedly (code=1, signal=null). Restarting in 1500ms...
INFO:     Started server process [116800]
INFO:     Waiting for application startup.
INFO:     Application startup complete.
INFO:     Uvicorn running on http://127.0.0.1:8765 (Press CTRL+C to quit)
[run_backend] Backend exited unexpectedly (code=1, signal=null). Restarting in 1500ms...
INFO:     Started server process [111104]
INFO:     Waiting for application startup.
INFO:     Application startup complete.
ERROR:    [Errno 10048] error while attempting to bind on address ('127.0.0.1', 8765): 通常每个套接字地址(协议/网络地址/端口)只允许使用一次。
INFO:     Waiting for application shutdown.
INFO:     Application shutdown complete.
[run_backend] Backend exited unexpectedly (code=1, signal=null). Restarting in 1500ms...
INFO:     Started server process [108196]
INFO:     Waiting for application startup.
INFO:     Application startup complete.
INFO:     Uvicorn running on http://127.0.0.1:8765 (Press CTRL+C to quit)
[run_backend] Backend exited unexpectedly (code=1, signal=null). Restarting in 1500ms...
INFO:     Started server process [115692]
INFO:     Waiting for application startup.
INFO:     Application startup complete.
ERROR:    [Errno 10048] error while attempting to bind on address ('127.0.0.1', 8765): 通常每个套接字地址(协议/网络地址/端口)只允许使用一次。
INFO:     Waiting for application shutdown.
INFO:     Application shutdown complete.
[run_backend] Backend exited unexpectedly (code=1, signal=null). Restarting in 1500ms...
INFO:     Started server process [109036]
INFO:     Waiting for application startup.
INFO:     Application startup complete.
INFO:     Uvicorn running on http://127.0.0.1:8765 (Press CTRL+C to quit)
[run_backend] Backend exited unexpectedly (code=1, signal=null). Restarting in 1500ms...
INFO:     Started server process [113876]
INFO:     Waiting for application startup.
INFO:     Application startup complete.
ERROR:    [Errno 10048] error while attempting to bind on address ('127.0.0.1', 8765): 通常每个套接字地址(协议/网络地址/端口)只允许使用一次。
INFO:     Waiting for application shutdown.
INFO:     Application shutdown complete.
[run_backend] Backend exited unexpectedly (code=1, signal=null). Restarting in 1500ms...
INFO:     Started server process [117016]
INFO:     Waiting for application startup.
INFO:     Application startup complete.
INFO:     Uvicorn running on http://127.0.0.1:8765 (Press CTRL+C to quit)
[run_backend] Backend exited unexpectedly (code=1, signal=null). Restarting in 1500ms...
INFO:     Started server process [98888]
INFO:     Waiting for application startup.
INFO:     Application startup complete.
ERROR:    [Errno 10048] error while attempting to bind on address ('127.0.0.1', 8765): 通常每个套接字地址(协议/网络地址/端口)只允许使用一次。
INFO:     Waiting for application shutdown.
INFO:     Application shutdown complete.
[run_backend] Backend exited unexpectedly (code=1, signal=null). Restarting in 1500ms...
INFO:     Started server process [107840]
INFO:     Waiting for application startup.
INFO:     Application startup complete.
INFO:     Uvicorn running on http://127.0.0.1:8765 (Press CTRL+C to quit)
[run_backend] Backend exited unexpectedly (code=1, signal=null). Restarting in 1500ms...
INFO:     Started server process [116804]
INFO:     Waiting for application startup.
INFO:     Application startup complete.
ERROR:    [Errno 10048] error while attempting to bind on address ('127.0.0.1', 8765): 通常每个套接字地址(协议/网络地址/端口)只允许使用一次。
INFO:     Waiting for application shutdown.
INFO:     Application shutdown complete.
[run_backend] Backend exited unexpectedly (code=1, signal=null). Restarting in 1500ms...
INFO:     Started server process [117592]
INFO:     Waiting for application startup.
INFO:     Application startup complete.
INFO:     Uvicorn running on http://127.0.0.1:8765 (Press CTRL+C to quit)
[run_backend] Backend exited unexpectedly (code=1, signal=null). Restarting in 1500ms...
INFO:     Started server process [112832]
INFO:     Waiting for application startup.
INFO:     Application startup complete.
ERROR:    [Errno 10048] error while attempting to bind on address ('127.0.0.1', 8765): 通常每个套接字地址(协议/网络地址/端口)只允许使用一次。
INFO:     Waiting for application shutdown.
INFO:     Application shutdown complete.
[run_backend] Backend exited unexpectedly (code=1, signal=null). Restarting in 1500ms...
INFO:     Started server process [116436]
INFO:     Waiting for application startup.
INFO:     Application startup complete.
INFO:     Uvicorn running on http://127.0.0.1:8765 (Press CTRL+C to quit)
[run_backend] Backend exited unexpectedly (code=1, signal=null). Restarting in 1500ms...
INFO:     Started server process [116824]
INFO:     Waiting for application startup.
INFO:     Application startup complete.
ERROR:    [Errno 10048] error while attempting to bind on address ('127.0.0.1', 8765): 通常每个套接字地址(协议/网络地址/端口)只允许使用一次。
INFO:     Waiting for application shutdown.
INFO:     Application shutdown complete.
[run_backend] Backend exited unexpectedly (code=1, signal=null). Restarting in 1500ms...
INFO:     Started server process [112300]
INFO:     Waiting for application startup.
INFO:     Application startup complete.
INFO:     Uvicorn running on http://127.0.0.1:8765 (Press CTRL+C to quit)
[run_backend] Backend exited unexpectedly (code=1, signal=null). Restarting in 1500ms...
INFO:     Started server process [90028]
INFO:     Waiting for application startup.
INFO:     Application startup complete.
ERROR:    [Errno 10048] error while attempting to bind on address ('127.0.0.1', 8765): 通常每个套接字地址(协议/网络地址/端口)只允许使用一次。
INFO:     Waiting for application shutdown.
INFO:     Application shutdown complete.
[run_backend] Backend exited unexpectedly (code=1, signal=null). Restarting in 1500ms...
INFO:     Started server process [112068]
INFO:     Waiting for application startup.
INFO:     Application startup complete.
INFO:     Uvicorn running on http://127.0.0.1:8765 (Press CTRL+C to quit)
[run_backend] Backend exited unexpectedly (code=1, signal=null). Restarting in 1500ms...
INFO:     Started server process [108664]
INFO:     Waiting for application startup.
INFO:     Application startup complete.
INFO:     Uvicorn running on http://127.0.0.1:8765 (Press CTRL+C to quit)
[run_backend] Backend exited unexpectedly (code=1, signal=null). Restarting in 1500ms...
INFO:     Started server process [111588]
INFO:     Waiting for application startup.
INFO:     Application startup complete.
INFO:     Uvicorn running on http://127.0.0.1:8765 (Press CTRL+C to quit)
[run_backend] Backend exited unexpectedly (code=1, signal=null). Restarting in 1500ms...
INFO:     Started server process [97252]
INFO:     Waiting for application startup.
INFO:     Application startup complete.
INFO:     Uvicorn running on http://127.0.0.1:8765 (Press CTRL+C to quit)
[run_backend] Backend exited unexpectedly (code=1, signal=null). Restarting in 1500ms...
INFO:     Started server process [107436]
INFO:     Waiting for application startup.
INFO:     Application startup complete.
ERROR:    [Errno 10048] error while attempting to bind on address ('127.0.0.1', 8765): 通常每个套接字地址(协议/网络地址/端口)只允许使用一次。
INFO:     Waiting for application shutdown.
INFO:     Application shutdown complete.
[run_backend] Backend exited unexpectedly (code=1, signal=null). Restarting in 1500ms...
INFO:     Started server process [109108]
INFO:     Waiting for application startup.
INFO:     Application startup complete.
INFO:     Uvicorn running on http://127.0.0.1:8765 (Press CTRL+C to quit)
[run_backend] Backend exited unexpectedly (code=1, signal=null). Restarting in 1500ms...
INFO:     Started server process [113304]
INFO:     Waiting for application startup.
INFO:     Application startup complete.
INFO:     Uvicorn running on http://127.0.0.1:8765 (Press CTRL+C to quit)
[run_backend] Backend exited unexpectedly (code=1, signal=null). Restarting in 1500ms...
INFO:     Started server process [111264]
INFO:     Waiting for application startup.
INFO:     Application startup complete.
INFO:     Uvicorn running on http://127.0.0.1:8765 (Press CTRL+C to quit)
[run_backend] Backend exited unexpectedly (code=1, signal=null). Restarting in 1500ms...
INFO:     Started server process [44504]
INFO:     Waiting for application startup.
INFO:     Application startup complete.
INFO:     Uvicorn running on http://127.0.0.1:8765 (Press CTRL+C to quit)
[run_backend] Backend exited unexpectedly (code=4294967295, signal=null). Restarting in 1500ms...
INFO:     Started server process [112488]
INFO:     Waiting for application startup.
INFO:     Application startup complete.
ERROR:    [Errno 10048] error while attempting to bind on address ('127.0.0.1', 8765): 通常每个套接字地址(协议/网络地址/端口)只允许使用一次。
INFO:     Waiting for application shutdown.
INFO:     Application shutdown complete.
[run_backend] Backend exited unexpectedly (code=1, signal=null). Restarting in 1500ms...
INFO:     Started server process [17412]
INFO:     Waiting for application startup.
INFO:     Application startup complete.
INFO:     Uvicorn running on http://127.0.0.1:8765 (Press CTRL+C to quit)
[run_backend] Backend exited unexpectedly (code=1, signal=null). Restarting in 1500ms...
INFO:     Started server process [87244]
INFO:     Waiting for application startup.
INFO:     Application startup complete.
INFO:     Uvicorn running on http://127.0.0.1:8765 (Press CTRL+C to quit)
[run_backend] Backend exited unexpectedly (code=1, signal=null). Restarting in 1500ms...
INFO:     Started server process [99472]
INFO:     Waiting for application startup.
INFO:     Application startup complete.
ERROR:    [Errno 10048] error while attempting to bind on address ('127.0.0.1', 8765): 通常每个套接字地址(协议/网络地址/端口)只允许使用一次。
INFO:     Waiting for application shutdown.
INFO:     Application shutdown complete.
[run_backend] Backend exited unexpectedly (code=1, signal=null). Restarting in 1500ms...
INFO:     Started server process [79688]
INFO:     Waiting for application startup.
INFO:     Application startup complete.
INFO:     Uvicorn running on http://127.0.0.1:8765 (Press CTRL+C to quit)
[run_backend] Backend exited unexpectedly (code=1, signal=null). Restarting in 1500ms...
INFO:     Started server process [113644]
INFO:     Waiting for application startup.
INFO:     Application startup complete.
ERROR:    [Errno 10048] error while attempting to bind on address ('127.0.0.1', 8765): 通常每个套接字地址(协议/网络地址/端口)只允许使用一次。
INFO:     Waiting for application shutdown.
INFO:     Application shutdown complete.
[run_backend] Backend exited unexpectedly (code=1, signal=null). Restarting in 1500ms...
INFO:     Started server process [107500]
INFO:     Waiting for application startup.
INFO:     Application startup complete.
INFO:     Uvicorn running on http://127.0.0.1:8765 (Press CTRL+C to quit)
[run_backend] Backend exited unexpectedly (code=1, signal=null). Restarting in 1500ms...
INFO:     Started server process [116720]
INFO:     Waiting for application startup.
INFO:     Application startup complete.
INFO:     Uvicorn running on http://127.0.0.1:8765 (Press CTRL+C to quit)
[run_backend] Backend exited unexpectedly (code=1, signal=null). Restarting in 1500ms...
INFO:     Started server process [90440]
INFO:     Waiting for application startup.
INFO:     Application startup complete.
ERROR:    [Errno 10048] error while attempting to bind on address ('127.0.0.1', 8765): 通常每个套接字地址(协议/网络地址/端口)只允许使用一次。
INFO:     Waiting for application shutdown.
INFO:     Application shutdown complete.
[run_backend] Backend exited unexpectedly (code=1, signal=null). Restarting in 1500ms...
INFO:     Started server process [117656]
INFO:     Waiting for application startup.
INFO:     Application startup complete.
INFO:     Uvicorn running on http://127.0.0.1:8765 (Press CTRL+C to quit)
[run_backend] Backend exited unexpectedly (code=1, signal=null). Restarting in 1500ms...
INFO:     Started server process [103012]
INFO:     Waiting for application startup.
INFO:     Application startup complete.
INFO:     Uvicorn running on http://127.0.0.1:8765 (Press CTRL+C to quit)
[run_backend] Backend exited unexpectedly (code=1, signal=null). Restarting in 1500ms...
INFO:     Started server process [101552]
INFO:     Waiting for application startup.
INFO:     Application startup complete.
INFO:     Uvicorn running on http://127.0.0.1:8765 (Press CTRL+C to quit)
[run_backend] Backend exited unexpectedly (code=1, signal=null). Restarting in 1500ms...
INFO:     Started server process [114756]
INFO:     Waiting for application startup.
INFO:     Application startup complete.
INFO:     Uvicorn running on http://127.0.0.1:8765 (Press CTRL+C to quit)
[run_backend] Backend exited unexpectedly (code=1, signal=null). Restarting in 1500ms...
INFO:     Started server process [75144]
INFO:     Waiting for application startup.
INFO:     Application startup complete.
INFO:     Uvicorn running on http://127.0.0.1:8765 (Press CTRL+C to quit)
[run_backend] Backend exited unexpectedly (code=1, signal=null). Restarting in 1500ms...
INFO:     Started server process [89536]
INFO:     Waiting for application startup.
INFO:     Application startup complete.
INFO:     Uvicorn running on http://127.0.0.1:8765 (Press CTRL+C to quit)
[run_backend] Backend exited unexpectedly (code=1, signal=null). Restarting in 1500ms...
INFO:     Started server process [116076]
INFO:     Waiting for application startup.
INFO:     Application startup complete.
ERROR:    [Errno 10048] error while attempting to bind on address ('127.0.0.1', 8765): 通常每个套接字地址(协议/网络地址/端口)只允许使用一次。
INFO:     Waiting for application shutdown.
INFO:     Application shutdown complete.
[run_backend] Backend exited unexpectedly (code=1, signal=null). Restarting in 1500ms...
INFO:     Started server process [96500]
INFO:     Waiting for application startup.
INFO:     Application startup complete.
INFO:     Uvicorn running on http://127.0.0.1:8765 (Press CTRL+C to quit)
[run_backend] Backend exited unexpectedly (code=1, signal=null). Restarting in 1500ms...
INFO:     Started server process [108264]
INFO:     Waiting for application startup.
INFO:     Application startup complete.
INFO:     Uvicorn running on http://127.0.0.1:8765 (Press CTRL+C to quit)
[run_backend] Backend exited unexpectedly (code=1, signal=null). Restarting in 1500ms...
INFO:     Started server process [80952]
INFO:     Waiting for application startup.
INFO:     Application startup complete.
INFO:     Uvicorn running on http://127.0.0.1:8765 (Press CTRL+C to quit)
[run_backend] Backend exited unexpectedly (code=1, signal=null). Restarting in 1500ms...
INFO:     Started server process [108500]
INFO:     Waiting for application startup.
INFO:     Application startup complete.
INFO:     Uvicorn running on http://127.0.0.1:8765 (Press CTRL+C to quit)
[run_backend] Backend exited unexpectedly (code=1, signal=null). Restarting in 1500ms...
INFO:     Started server process [116800]
INFO:     Waiting for application startup.
INFO:     Application startup complete.
INFO:     Uvicorn running on http://127.0.0.1:8765 (Press CTRL+C to quit)
[run_backend] Backend exited unexpectedly (code=1, signal=null). Restarting in 1500ms...
INFO:     Started server process [103232]
INFO:     Waiting for application startup.
INFO:     Application startup complete.
INFO:     Uvicorn running on http://127.0.0.1:8765 (Press CTRL+C to quit)
[run_backend] Backend exited unexpectedly (code=1, signal=null). Restarting in 1500ms...
INFO:     Started server process [74144]
INFO:     Waiting for application startup.
INFO:     Application startup complete.
INFO:     Uvicorn running on http://127.0.0.1:8765 (Press CTRL+C to quit)
[run_backend] Backend exited unexpectedly (code=1, signal=null). Restarting in 1500ms...
INFO:     Started server process [115876]
INFO:     Waiting for application startup.
INFO:     Application startup complete.
INFO:     Uvicorn running on http://127.0.0.1:8765 (Press CTRL+C to quit)
[run_backend] Backend exited unexpectedly (code=1, signal=null). Restarting in 1500ms...
INFO:     Started server process [106388]
INFO:     Waiting for application startup.
INFO:     Application startup complete.
INFO:     Uvicorn running on http://127.0.0.1:8765 (Press CTRL+C to quit)
[run_backend] Backend exited unexpectedly (code=1, signal=null). Restarting in 1500ms...
INFO:     Started server process [115860]
INFO:     Waiting for application startup.
INFO:     Application startup complete.
INFO:     Uvicorn running on http://127.0.0.1:8765 (Press CTRL+C to quit)
[run_backend] Backend exited unexpectedly (code=1, signal=null). Restarting in 1500ms...
INFO:     Started server process [117236]
INFO:     Waiting for application startup.
INFO:     Application startup complete.
INFO:     Uvicorn running on http://127.0.0.1:8765 (Press CTRL+C to quit)
[run_backend] Backend exited unexpectedly (code=1, signal=null). Restarting in 1500ms...
INFO:     Started server process [111104]
INFO:     Waiting for application startup.
INFO:     Application startup complete.
INFO:     Uvicorn running on http://127.0.0.1:8765 (Press CTRL+C to quit)
[run_backend] Backend exited unexpectedly (code=1, signal=null). Restarting in 1500ms...
INFO:     Started server process [76128]
INFO:     Waiting for application startup.
INFO:     Application startup complete.
INFO:     Uvicorn running on http://127.0.0.1:8765 (Press CTRL+C to quit)
[run_backend] Backend exited unexpectedly (code=1, signal=null). Restarting in 1500ms...
INFO:     Started server process [115400]
INFO:     Waiting for application startup.
INFO:     Application startup complete.
INFO:     Uvicorn running on http://127.0.0.1:8765 (Press CTRL+C to quit)
[run_backend] Backend exited unexpectedly (code=1, signal=null). Restarting in 1500ms...
INFO:     Started server process [117440]
INFO:     Waiting for application startup.
INFO:     Application startup complete.
INFO:     Uvicorn running on http://127.0.0.1:8765 (Press CTRL+C to quit)
[run_backend] Backend exited unexpectedly (code=1, signal=null). Restarting in 1500ms...
INFO:     Started server process [101136]
INFO:     Waiting for application startup.
INFO:     Application startup complete.
INFO:     Uvicorn running on http://127.0.0.1:8765 (Press CTRL+C to quit)
[run_backend] Backend exited unexpectedly (code=1, signal=null). Restarting in 1500ms...
INFO:     Started server process [90300]
INFO:     Waiting for application startup.
INFO:     Application startup complete.
INFO:     Uvicorn running on http://127.0.0.1:8765 (Press CTRL+C to quit)
[run_backend] Backend exited unexpectedly (code=1, signal=null). Restarting in 1500ms...
INFO:     Started server process [112936]
INFO:     Waiting for application startup.
INFO:     Application startup complete.
INFO:     Uvicorn running on http://127.0.0.1:8765 (Press CTRL+C to quit)
[run_backend] Backend exited unexpectedly (code=1, signal=null). Restarting in 1500ms...
INFO:     Started server process [109780]
INFO:     Waiting for application startup.
INFO:     Application startup complete.
INFO:     Uvicorn running on http://127.0.0.1:8765 (Press CTRL+C to quit)
[run_backend] Backend exited unexpectedly (code=1, signal=null). Restarting in 1500ms...
INFO:     Started server process [116480]
INFO:     Waiting for application startup.
INFO:     Application startup complete.
INFO:     Uvicorn running on http://127.0.0.1:8765 (Press CTRL+C to quit)
[run_backend] Backend exited unexpectedly (code=1, signal=null). Restarting in 1500ms...
INFO:     Started server process [110412]
INFO:     Waiting for application startup.
INFO:     Application startup complete.
INFO:     Uvicorn running on http://127.0.0.1:8765 (Press CTRL+C to quit)
[run_backend] Backend exited unexpectedly (code=1, signal=null). Restarting in 1500ms...
INFO:     Started server process [114224]
INFO:     Waiting for application startup.
INFO:     Application startup complete.
INFO:     Uvicorn running on http://127.0.0.1:8765 (Press CTRL+C to quit)
[run_backend] Backend exited unexpectedly (code=1, signal=null). Restarting in 1500ms...
INFO:     Started server process [115524]
INFO:     Waiting for application startup.
INFO:     Application startup complete.
INFO:     Uvicorn running on http://127.0.0.1:8765 (Press CTRL+C to quit)
[run_backend] Backend exited unexpectedly (code=1, signal=null). Restarting in 1500ms...
INFO:     Started server process [73432]
INFO:     Waiting for application startup.
INFO:     Application startup complete.
INFO:     Uvicorn running on http://127.0.0.1:8765 (Press CTRL+C to quit)
[run_backend] Backend exited unexpectedly (code=1, signal=null). Restarting in 1500ms...
INFO:     Started server process [108164]
INFO:     Waiting for application startup.
INFO:     Application startup complete.
INFO:     Uvicorn running on http://127.0.0.1:8765 (Press CTRL+C to quit)
[run_backend] Backend exited unexpectedly (code=1, signal=null). Restarting in 1500ms...
INFO:     Started server process [108968]
INFO:     Waiting for application startup.
INFO:     Application startup complete.
INFO:     Uvicorn running on http://127.0.0.1:8765 (Press CTRL+C to quit)
[run_backend] Backend exited unexpectedly (code=1, signal=null). Restarting in 1500ms...
INFO:     Started server process [114876]
INFO:     Waiting for application startup.
INFO:     Application startup complete.
INFO:     Uvicorn running on http://127.0.0.1:8765 (Press CTRL+C to quit)
[run_backend] Backend exited unexpectedly (code=1, signal=null). Restarting in 1500ms...
INFO:     Started server process [117588]
INFO:     Waiting for application startup.
INFO:     Application startup complete.
INFO:     Uvicorn running on http://127.0.0.1:8765 (Press CTRL+C to quit)
[run_backend] Backend exited unexpectedly (code=1, signal=null). Restarting in 1500ms...
INFO:     Started server process [112684]
INFO:     Waiting for application startup.
INFO:     Application startup complete.
INFO:     Uvicorn running on http://127.0.0.1:8765 (Press CTRL+C to quit)
[run_backend] Backend exited unexpectedly (code=1, signal=null). Restarting in 1500ms...
INFO:     Started server process [17712]
INFO:     Waiting for application startup.
INFO:     Application startup complete.
INFO:     Uvicorn running on http://127.0.0.1:8765 (Press CTRL+C to quit)
[run_backend] Backend exited unexpectedly (code=1, signal=null). Restarting in 1500ms...
INFO:     Started server process [102256]
INFO:     Waiting for application startup.
INFO:     Application startup complete.
INFO:     Uvicorn running on http://127.0.0.1:8765 (Press CTRL+C to quit)
[run_backend] Backend exited unexpectedly (code=1, signal=null). Restarting in 1500ms...
INFO:     Started server process [116284]
INFO:     Waiting for application startup.
INFO:     Application startup complete.
INFO:     Uvicorn running on http://127.0.0.1:8765 (Press CTRL+C to quit)
[run_backend] Backend exited unexpectedly (code=1, signal=null). Restarting in 1500ms...
INFO:     Started server process [117252]
INFO:     Waiting for application startup.
INFO:     Application startup complete.
INFO:     Uvicorn running on http://127.0.0.1:8765 (Press CTRL+C to quit)
[run_backend] Backend exited unexpectedly (code=1, signal=null). Restarting in 1500ms...
INFO:     Started server process [105992]
INFO:     Waiting for application startup.
INFO:     Application startup complete.
INFO:     Uvicorn running on http://127.0.0.1:8765 (Press CTRL+C to quit)
[run_backend] Backend exited unexpectedly (code=1, signal=null). Restarting in 1500ms...
INFO:     Started server process [107148]
INFO:     Waiting for application startup.
INFO:     Application startup complete.
INFO:     Uvicorn running on http://127.0.0.1:8765 (Press CTRL+C to quit)
[run_backend] Backend exited unexpectedly (code=1, signal=null). Restarting in 1500ms...
INFO:     Started server process [115580]
INFO:     Waiting for application startup.
INFO:     Application startup complete.
INFO:     Uvicorn running on http://127.0.0.1:8765 (Press CTRL+C to quit)
[run_backend] Backend exited unexpectedly (code=1, signal=null). Restarting in 1500ms...
INFO:     Started server process [87092]
INFO:     Waiting for application startup.
INFO:     Application startup complete.
INFO:     Uvicorn running on http://127.0.0.1:8765 (Press CTRL+C to quit)
[run_backend] Backend exited unexpectedly (code=1, signal=null). Restarting in 1500ms...
INFO:     Started server process [10848]
INFO:     Waiting for application startup.
INFO:     Application startup complete.
INFO:     Uvicorn running on http://127.0.0.1:8765 (Press CTRL+C to quit)
[run_backend] Backend exited unexpectedly (code=1, signal=null). Restarting in 1500ms...
INFO:     Started server process [111320]
INFO:     Waiting for application startup.
INFO:     Application startup complete.
INFO:     Uvicorn running on http://127.0.0.1:8765 (Press CTRL+C to quit)
[run_backend] Backend exited unexpectedly (code=1, signal=null). Restarting in 1500ms...
INFO:     Started server process [92108]
INFO:     Waiting for application startup.
INFO:     Application startup complete.
INFO:     Uvicorn running on http://127.0.0.1:8765 (Press CTRL+C to quit)
[run_backend] Backend exited unexpectedly (code=1, signal=null). Restarting in 1500ms...
INFO:     Started server process [113036]
INFO:     Waiting for application startup.
INFO:     Application startup complete.
INFO:     Uvicorn running on http://127.0.0.1:8765 (Press CTRL+C to quit)
[run_backend] Backend exited unexpectedly (code=1, signal=null). Restarting in 1500ms...
INFO:     Started server process [106256]
INFO:     Waiting for application startup.
INFO:     Application startup complete.
INFO:     Uvicorn running on http://127.0.0.1:8765 (Press CTRL+C to quit)
[run_backend] Backend exited unexpectedly (code=1, signal=null). Restarting in 1500ms...
INFO:     Started server process [83164]
INFO:     Waiting for application startup.
INFO:     Application startup complete.
INFO:     Uvicorn running on http://127.0.0.1:8765 (Press CTRL+C to quit)
[run_backend] Backend exited unexpectedly (code=1, signal=null). Restarting in 1500ms...
INFO:     Started server process [117612]
INFO:     Waiting for application startup.
INFO:     Application startup complete.
INFO:     Uvicorn running on http://127.0.0.1:8765 (Press CTRL+C to quit)
[run_backend] Backend exited unexpectedly (code=1, signal=null). Restarting in 1500ms...
INFO:     Started server process [99544]
INFO:     Waiting for application startup.
INFO:     Application startup complete.
INFO:     Uvicorn running on http://127.0.0.1:8765 (Press CTRL+C to quit)
[run_backend] Backend exited unexpectedly (code=1, signal=null). Restarting in 1500ms...
INFO:     Started server process [116576]
INFO:     Waiting for application startup.
INFO:     Application startup complete.
INFO:     Uvicorn running on http://127.0.0.1:8765 (Press CTRL+C to quit)
[run_backend] Backend exited unexpectedly (code=1, signal=null). Restarting in 1500ms...
INFO:     Started server process [92108]
INFO:     Waiting for application startup.
INFO:     Application startup complete.
INFO:     Uvicorn running on http://127.0.0.1:8765 (Press CTRL+C to quit)
[run_backend] Backend exited unexpectedly (code=1, signal=null). Restarting in 1500ms...
INFO:     Started server process [116048]
INFO:     Waiting for application startup.
INFO:     Application startup complete.
ERROR:    [Errno 10048] error while attempting to bind on address ('127.0.0.1', 8765): 通常每个套接字地址(协议/网络地址/端口)只允许使用一次。
INFO:     Waiting for application shutdown.
INFO:     Application shutdown complete.
[run_backend] Backend exited unexpectedly (code=1, signal=null). Restarting in 1500ms...
INFO:     Started server process [86496]
INFO:     Waiting for application startup.
INFO:     Application startup complete.
INFO:     Uvicorn running on http://127.0.0.1:8765 (Press CTRL+C to quit)
[run_backend] Backend exited unexpectedly (code=1, signal=null). Restarting in 1500ms...
INFO:     Started server process [77600]
INFO:     Waiting for application startup.
INFO:     Application startup complete.
INFO:     Uvicorn running on http://127.0.0.1:8765 (Press CTRL+C to quit)
[run_backend] Backend exited unexpectedly (code=1, signal=null). Restarting in 1500ms...
INFO:     Started server process [76140]
INFO:     Waiting for application startup.
INFO:     Application startup complete.
INFO:     Uvicorn running on http://127.0.0.1:8765 (Press CTRL+C to quit)
[run_backend] Backend exited unexpectedly (code=1, signal=null). Restarting in 1500ms...
INFO:     Started server process [98052]
INFO:     Waiting for application startup.
INFO:     Application startup complete.
INFO:     Uvicorn running on http://127.0.0.1:8765 (Press CTRL+C to quit)
[run_backend] Backend exited unexpectedly (code=1, signal=null). Restarting in 1500ms...
INFO:     Started server process [115012]
INFO:     Waiting for application startup.
INFO:     Application startup complete.
ERROR:    [Errno 10048] error while attempting to bind on address ('127.0.0.1', 8765): 通常每个套接字地址(协议/网络地址/端口)只允许使用一次。
INFO:     Waiting for application shutdown.
INFO:     Application shutdown complete.
[run_backend] Backend exited unexpectedly (code=1, signal=null). Restarting in 1500ms...
INFO:     Started server process [115908]
INFO:     Waiting for application startup.
INFO:     Application startup complete.
INFO:     Uvicorn running on http://127.0.0.1:8765 (Press CTRL+C to quit)
[run_backend] Backend exited unexpectedly (code=1, signal=null). Restarting in 1500ms...
INFO:     Started server process [111888]
INFO:     Waiting for application startup.
INFO:     Application startup complete.
INFO:     Uvicorn running on http://127.0.0.1:8765 (Press CTRL+C to quit)
[run_backend] Backend exited unexpectedly (code=1, signal=null). Restarting in 1500ms...
INFO:     Started server process [74100]
INFO:     Waiting for application startup.
INFO:     Application startup complete.
INFO:     Uvicorn running on http://127.0.0.1:8765 (Press CTRL+C to quit)
[run_backend] Backend exited unexpectedly (code=1, signal=null). Restarting in 1500ms...
INFO:     Started server process [98188]
INFO:     Waiting for application startup.
INFO:     Application startup complete.
ERROR:    [Errno 10048] error while attempting to bind on address ('127.0.0.1', 8765): 通常每个套接字地址(协议/网络地址/端口)只允许使用一次。
INFO:     Waiting for application shutdown.
INFO:     Application shutdown complete.
[run_backend] Backend exited unexpectedly (code=1, signal=null). Restarting in 1500ms...
INFO:     Started server process [111024]
INFO:     Waiting for application startup.
INFO:     Application startup complete.
INFO:     Uvicorn running on http://127.0.0.1:8765 (Press CTRL+C to quit)
[run_backend] Backend exited unexpectedly (code=1, signal=null). Restarting in 1500ms...
INFO:     Started server process [95088]
INFO:     Waiting for application startup.
INFO:     Application startup complete.
INFO:     Uvicorn running on http://127.0.0.1:8765 (Press CTRL+C to quit)
[run_backend] Backend exited unexpectedly (code=1, signal=null). Restarting in 1500ms...
INFO:     Started server process [117588]
INFO:     Waiting for application startup.
INFO:     Application startup complete.
INFO:     Uvicorn running on http://127.0.0.1:8765 (Press CTRL+C to quit)
[run_backend] Backend exited unexpectedly (code=4294967295, signal=null). Restarting in 1500ms...
INFO:     Started server process [111460]
INFO:     Waiting for application startup.
INFO:     Application startup complete.
INFO:     Uvicorn running on http://127.0.0.1:8765 (Press CTRL+C to quit)
[run_backend] Backend exited unexpectedly (code=1, signal=null). Restarting in 1500ms...
INFO:     Started server process [83476]
INFO:     Waiting for application startup.
INFO:     Application startup complete.
INFO:     Uvicorn running on http://127.0.0.1:8765 (Press CTRL+C to quit)
[run_backend] Backend exited unexpectedly (code=1, signal=null). Restarting in 1500ms...
INFO:     Started server process [87420]
INFO:     Waiting for application startup.
INFO:     Application startup complete.
INFO:     Uvicorn running on http://127.0.0.1:8765 (Press CTRL+C to quit)
[run_backend] Backend exited unexpectedly (code=1, signal=null). Restarting in 1500ms...
INFO:     Started server process [74772]
INFO:     Waiting for application startup.
INFO:     Application startup complete.
INFO:     Uvicorn running on http://127.0.0.1:8765 (Press CTRL+C to quit)
[run_backend] Backend exited unexpectedly (code=1, signal=null). Restarting in 1500ms...
INFO:     Started server process [99480]
INFO:     Waiting for application startup.
INFO:     Application startup complete.
INFO:     Uvicorn running on http://127.0.0.1:8765 (Press CTRL+C to quit)
[run_backend] Backend exited unexpectedly (code=1, signal=null). Restarting in 1500ms...
INFO:     Started server process [112248]
INFO:     Waiting for application startup.
INFO:     Application startup complete.
INFO:     Uvicorn running on http://127.0.0.1:8765 (Press CTRL+C to quit)
[run_backend] Backend exited unexpectedly (code=1, signal=null). Restarting in 1500ms...
INFO:     Started server process [78648]
INFO:     Waiting for application startup.
INFO:     Application startup complete.
INFO:     Uvicorn running on http://127.0.0.1:8765 (Press CTRL+C to quit)
[run_backend] Backend exited unexpectedly (code=1, signal=null). Restarting in 1500ms...
INFO:     Started server process [97336]
INFO:     Waiting for application startup.
INFO:     Application startup complete.
INFO:     Uvicorn running on http://127.0.0.1:8765 (Press CTRL+C to quit)
[run_backend] Backend exited unexpectedly (code=1, signal=null). Restarting in 1500ms...
INFO:     Started server process [117748]
INFO:     Waiting for application startup.
INFO:     Application startup complete.
ERROR:    [Errno 10048] error while attempting to bind on address ('127.0.0.1', 8765): 通常每个套接字地址(协议/网络地址/端口)只允许使用一次。
INFO:     Waiting for application shutdown.
INFO:     Application shutdown complete.
[run_backend] Backend exited unexpectedly (code=1, signal=null). Restarting in 1500ms...
INFO:     Started server process [115500]
INFO:     Waiting for application startup.
INFO:     Application startup complete.
INFO:     Uvicorn running on http://127.0.0.1:8765 (Press CTRL+C to quit)
[run_backend] Backend exited unexpectedly (code=1, signal=null). Restarting in 1500ms...
INFO:     Started server process [105888]
INFO:     Waiting for application startup.
INFO:     Application startup complete.
ERROR:    [Errno 10048] error while attempting to bind on address ('127.0.0.1', 8765): 通常每个套接字地址(协议/网络地址/端口)只允许使用一次。
INFO:     Waiting for application shutdown.
INFO:     Application shutdown complete.
[run_backend] Backend exited unexpectedly (code=1, signal=null). Restarting in 1500ms...
INFO:     Started server process [101900]
INFO:     Waiting for application startup.
INFO:     Application startup complete.
INFO:     Uvicorn running on http://127.0.0.1:8765 (Press CTRL+C to quit)
[run_backend] Backend exited unexpectedly (code=1, signal=null). Restarting in 1500ms...
INFO:     Started server process [80132]
INFO:     Waiting for application startup.
INFO:     Application startup complete.
ERROR:    [Errno 10048] error while attempting to bind on address ('127.0.0.1', 8765): 通常每个套接字地址(协议/网络地址/端口)只允许使用一次。
INFO:     Waiting for application shutdown.
INFO:     Application shutdown complete.
[run_backend] Backend exited unexpectedly (code=1, signal=null). Restarting in 1500ms...
INFO:     Started server process [58336]
INFO:     Waiting for application startup.
INFO:     Application startup complete.
INFO:     Uvicorn running on http://127.0.0.1:8765 (Press CTRL+C to quit)
[run_backend] Backend exited unexpectedly (code=1, signal=null). Restarting in 1500ms...
INFO:     Started server process [110832]
INFO:     Waiting for application startup.
INFO:     Application startup complete.
ERROR:    [Errno 10048] error while attempting to bind on address ('127.0.0.1', 8765): 通常每个套接字地址(协议/网络地址/端口)只允许使用一次。
INFO:     Waiting for application shutdown.
INFO:     Application shutdown complete.
[run_backend] Backend exited unexpectedly (code=1, signal=null). Restarting in 1500ms...
INFO:     Started server process [117392]
INFO:     Waiting for application startup.
INFO:     Application startup complete.
INFO:     Uvicorn running on http://127.0.0.1:8765 (Press CTRL+C to quit)
[run_backend] Backend exited unexpectedly (code=1, signal=null). Restarting in 1500ms...
INFO:     Started server process [113592]
INFO:     Waiting for application startup.
INFO:     Application startup complete.
INFO:     Uvicorn running on http://127.0.0.1:8765 (Press CTRL+C to quit)
[run_backend] Backend exited unexpectedly (code=1, signal=null). Restarting in 1500ms...
INFO:     Started server process [108964]
INFO:     Waiting for application startup.
INFO:     Application startup complete.
INFO:     Uvicorn running on http://127.0.0.1:8765 (Press CTRL+C to quit)
[run_backend] Backend exited unexpectedly (code=1, signal=null). Restarting in 1500ms...
INFO:     Started server process [110832]
INFO:     Waiting for application startup.
INFO:     Application startup complete.
INFO:     Uvicorn running on http://127.0.0.1:8765 (Press CTRL+C to quit)
[run_backend] Backend exited unexpectedly (code=1, signal=null). Restarting in 1500ms...
INFO:     Started server process [60612]
INFO:     Waiting for application startup.
INFO:     Application startup complete.
INFO:     Uvicorn running on http://127.0.0.1:8765 (Press CTRL+C to quit)
[run_backend] Backend exited unexpectedly (code=1, signal=null). Restarting in 1500ms...
INFO:     Started server process [106628]
INFO:     Waiting for application startup.
INFO:     Application startup complete.
ERROR:    [Errno 10048] error while attempting to bind on address ('127.0.0.1', 8765): 通常每个套接字地址(协议/网络地址/端口)只允许使用一次。
INFO:     Waiting for application shutdown.
INFO:     Application shutdown complete.
[run_backend] Backend exited unexpectedly (code=1, signal=null). Restarting in 1500ms...
INFO:     Started server process [99776]
INFO:     Waiting for application startup.
INFO:     Application startup complete.
INFO:     Uvicorn running on http://127.0.0.1:8765 (Press CTRL+C to quit)
[run_backend] Backend exited unexpectedly (code=1, signal=null). Restarting in 1500ms...
INFO:     Started server process [113656]
INFO:     Waiting for application startup.
INFO:     Application startup complete.
ERROR:    [Errno 10048] error while attempting to bind on address ('127.0.0.1', 8765): 通常每个套接字地址(协议/网络地址/端口)只允许使用一次。
INFO:     Waiting for application shutdown.
INFO:     Application shutdown complete.
[run_backend] Backend exited unexpectedly (code=1, signal=null). Restarting in 1500ms...
INFO:     Started server process [116764]
INFO:     Waiting for application startup.
INFO:     Application startup complete.
INFO:     Uvicorn running on http://127.0.0.1:8765 (Press CTRL+C to quit)
[run_backend] Backend exited unexpectedly (code=1, signal=null). Restarting in 1500ms...
INFO:     Started server process [113268]
INFO:     Waiting for application startup.
INFO:     Application startup complete.
ERROR:    [Errno 10048] error while attempting to bind on address ('127.0.0.1', 8765): 通常每个套接字地址(协议/网络地址/端口)只允许使用一次。
INFO:     Waiting for application shutdown.
INFO:     Application shutdown complete.
[run_backend] Backend exited unexpectedly (code=1, signal=null). Restarting in 1500ms...
INFO:     Started server process [114696]
INFO:     Waiting for application startup.
INFO:     Application startup complete.
INFO:     Uvicorn running on http://127.0.0.1:8765 (Press CTRL+C to quit)
[run_backend] Backend exited unexpectedly (code=1, signal=null). Restarting in 1500ms...
INFO:     Started server process [113508]
INFO:     Waiting for application startup.
INFO:     Application startup complete.
ERROR:    [Errno 10048] error while attempting to bind on address ('127.0.0.1', 8765): 通常每个套接字地址(协议/网络地址/端口)只允许使用一次。
INFO:     Waiting for application shutdown.
INFO:     Application shutdown complete.
[run_backend] Backend exited unexpectedly (code=1, signal=null). Restarting in 1500ms...
INFO:     Started server process [112516]
INFO:     Waiting for application startup.
INFO:     Application startup complete.
INFO:     Uvicorn running on http://127.0.0.1:8765 (Press CTRL+C to quit)
[run_backend] Backend exited unexpectedly (code=1, signal=null). Restarting in 1500ms...
INFO:     Started server process [109816]
INFO:     Waiting for application startup.
INFO:     Application startup complete.
ERROR:    [Errno 10048] error while attempting to bind on address ('127.0.0.1', 8765): 通常每个套接字地址(协议/网络地址/端口)只允许使用一次。
INFO:     Waiting for application shutdown.
INFO:     Application shutdown complete.
[run_backend] Backend exited unexpectedly (code=1, signal=null). Restarting in 1500ms...
INFO:     Started server process [111896]
INFO:     Waiting for application startup.
INFO:     Application startup complete.
INFO:     Uvicorn running on http://127.0.0.1:8765 (Press CTRL+C to quit)
[run_backend] Backend exited unexpectedly (code=1, signal=null). Restarting in 1500ms...
INFO:     Started server process [105600]
INFO:     Waiting for application startup.
INFO:     Application startup complete.
ERROR:    [Errno 10048] error while attempting to bind on address ('127.0.0.1', 8765): 通常每个套接字地址(协议/网络地址/端口)只允许使用一次。
INFO:     Waiting for application shutdown.
INFO:     Application shutdown complete.
[run_backend] Backend exited unexpectedly (code=1, signal=null). Restarting in 1500ms...
INFO:     Started server process [106896]
INFO:     Waiting for application startup.
INFO:     Application startup complete.
INFO:     Uvicorn running on http://127.0.0.1:8765 (Press CTRL+C to quit)
[run_backend] Backend exited unexpectedly (code=1, signal=null). Restarting in 1500ms...
INFO:     Started server process [96316]
INFO:     Waiting for application startup.
INFO:     Application startup complete.
ERROR:    [Errno 10048] error while attempting to bind on address ('127.0.0.1', 8765): 通常每个套接字地址(协议/网络地址/端口)只允许使用一次。
INFO:     Waiting for application shutdown.
INFO:     Application shutdown complete.
[run_backend] Backend exited unexpectedly (code=1, signal=null). Restarting in 1500ms...
INFO:     Started server process [77716]
INFO:     Waiting for application startup.
INFO:     Application startup complete.
INFO:     Uvicorn running on http://127.0.0.1:8765 (Press CTRL+C to quit)
[run_backend] Backend exited unexpectedly (code=1, signal=null). Restarting in 1500ms...
INFO:     Started server process [106028]
INFO:     Waiting for application startup.
INFO:     Application startup complete.
ERROR:    [Errno 10048] error while attempting to bind on address ('127.0.0.1', 8765): 通常每个套接字地址(协议/网络地址/端口)只允许使用一次。
INFO:     Waiting for application shutdown.
INFO:     Application shutdown complete.
[run_backend] Backend exited unexpectedly (code=1, signal=null). Restarting in 1500ms...
INFO:     Started server process [110204]
INFO:     Waiting for application startup.
INFO:     Application startup complete.
INFO:     Uvicorn running on http://127.0.0.1:8765 (Press CTRL+C to quit)
[run_backend] Backend exited unexpectedly (code=1, signal=null). Restarting in 1500ms...
INFO:     Started server process [112688]
INFO:     Waiting for application startup.
INFO:     Application startup complete.
ERROR:    [Errno 10048] error while attempting to bind on address ('127.0.0.1', 8765): 通常每个套接字地址(协议/网络地址/端口)只允许使用一次。
INFO:     Waiting for application shutdown.
INFO:     Application shutdown complete.
[run_backend] Backend exited unexpectedly (code=1, signal=null). Restarting in 1500ms...
INFO:     Started server process [116940]
INFO:     Waiting for application startup.
INFO:     Application startup complete.
INFO:     Uvicorn running on http://127.0.0.1:8765 (Press CTRL+C to quit)
[run_backend] Backend exited unexpectedly (code=1, signal=null). Restarting in 1500ms...
INFO:     Started server process [108408]
INFO:     Waiting for application startup.
INFO:     Application startup complete.
ERROR:    [Errno 10048] error while attempting to bind on address ('127.0.0.1', 8765): 通常每个套接字地址(协议/网络地址/端口)只允许使用一次。
INFO:     Waiting for application shutdown.
INFO:     Application shutdown complete.
[run_backend] Backend exited unexpectedly (code=1, signal=null). Restarting in 1500ms...
INFO:     Started server process [108944]
INFO:     Waiting for application startup.
INFO:     Application startup complete.
INFO:     Uvicorn running on http://127.0.0.1:8765 (Press CTRL+C to quit)
[run_backend] Backend exited unexpectedly (code=1, signal=null). Restarting in 1500ms...
INFO:     Started server process [116164]
INFO:     Waiting for application startup.
INFO:     Application startup complete.
ERROR:    [Errno 10048] error while attempting to bind on address ('127.0.0.1', 8765): 通常每个套接字地址(协议/网络地址/端口)只允许使用一次。
INFO:     Waiting for application shutdown.
INFO:     Application shutdown complete.
[run_backend] Backend exited unexpectedly (code=1, signal=null). Restarting in 1500ms...
INFO:     Started server process [116832]
INFO:     Waiting for application startup.
INFO:     Application startup complete.
INFO:     Uvicorn running on http://127.0.0.1:8765 (Press CTRL+C to quit)
[run_backend] Backend exited unexpectedly (code=1, signal=null). Restarting in 1500ms...
INFO:     Started server process [99516]
INFO:     Waiting for application startup.
INFO:     Application startup complete.
ERROR:    [Errno 10048] error while attempting to bind on address ('127.0.0.1', 8765): 通常每个套接字地址(协议/网络地址/端口)只允许使用一次。
INFO:     Waiting for application shutdown.
INFO:     Application shutdown complete.
[run_backend] Backend exited unexpectedly (code=1, signal=null). Restarting in 1500ms...
INFO:     Started server process [113200]
INFO:     Waiting for application startup.
INFO:     Application startup complete.
INFO:     Uvicorn running on http://127.0.0.1:8765 (Press CTRL+C to quit)
[run_backend] Backend exited unexpectedly (code=1, signal=null). Restarting in 1500ms...
INFO:     Started server process [111220]
INFO:     Waiting for application startup.
INFO:     Application startup complete.
ERROR:    [Errno 10048] error while attempting to bind on address ('127.0.0.1', 8765): 通常每个套接字地址(协议/网络地址/端口)只允许使用一次。
INFO:     Waiting for application shutdown.
INFO:     Application shutdown complete.
[run_backend] Backend exited unexpectedly (code=1, signal=null). Restarting in 1500ms...
INFO:     Started server process [17264]
INFO:     Waiting for application startup.
INFO:     Application startup complete.
INFO:     Uvicorn running on http://127.0.0.1:8765 (Press CTRL+C to quit)
[run_backend] Backend exited unexpectedly (code=1, signal=null). Restarting in 1500ms...
INFO:     Started server process [104312]
INFO:     Waiting for application startup.
INFO:     Application startup complete.
ERROR:    [Errno 10048] error while attempting to bind on address ('127.0.0.1', 8765): 通常每个套接字地址(协议/网络地址/端口)只允许使用一次。
INFO:     Waiting for application shutdown.
INFO:     Application shutdown complete.
[run_backend] Backend exited unexpectedly (code=1, signal=null). Restarting in 1500ms...
INFO:     Started server process [104208]
INFO:     Waiting for application startup.
INFO:     Application startup complete.
INFO:     Uvicorn running on http://127.0.0.1:8765 (Press CTRL+C to quit)
[run_backend] Backend exited unexpectedly (code=1, signal=null). Restarting in 1500ms...
INFO:     Started server process [116888]
INFO:     Waiting for application startup.
INFO:     Application startup complete.
ERROR:    [Errno 10048] error while attempting to bind on address ('127.0.0.1', 8765): 通常每个套接字地址(协议/网络地址/端口)只允许使用一次。
INFO:     Waiting for application shutdown.
INFO:     Application shutdown complete.
[run_backend] Backend exited unexpectedly (code=1, signal=null). Restarting in 1500ms...
INFO:     Started server process [108632]
INFO:     Waiting for application startup.
INFO:     Application startup complete.
INFO:     Uvicorn running on http://127.0.0.1:8765 (Press CTRL+C to quit)
[run_backend] Backend exited unexpectedly (code=1, signal=null). Restarting in 1500ms...
INFO:     Started server process [99192]
INFO:     Waiting for application startup.
INFO:     Application startup complete.
ERROR:    [Errno 10048] error while attempting to bind on address ('127.0.0.1', 8765): 通常每个套接字地址(协议/网络地址/端口)只允许使用一次。
INFO:     Waiting for application shutdown.
INFO:     Application shutdown complete.
[run_backend] Backend exited unexpectedly (code=1, signal=null). Restarting in 1500ms...
INFO:     Started server process [116776]
INFO:     Waiting for application startup.
INFO:     Application startup complete.
INFO:     Uvicorn running on http://127.0.0.1:8765 (Press CTRL+C to quit)
[run_backend] Backend exited unexpectedly (code=1, signal=null). Restarting in 1500ms...
INFO:     Started server process [81724]
INFO:     Waiting for application startup.
INFO:     Application startup complete.
ERROR:    [Errno 10048] error while attempting to bind on address ('127.0.0.1', 8765): 通常每个套接字地址(协议/网络地址/端口)只允许使用一次。
INFO:     Waiting for application shutdown.
INFO:     Application shutdown complete.
[run_backend] Backend exited unexpectedly (code=1, signal=null). Restarting in 1500ms...
INFO:     Started server process [97788]
INFO:     Waiting for application startup.
INFO:     Application startup complete.
INFO:     Uvicorn running on http://127.0.0.1:8765 (Press CTRL+C to quit)
[run_backend] Backend exited unexpectedly (code=1, signal=null). Restarting in 1500ms...
INFO:     Started server process [99140]
INFO:     Waiting for application startup.
INFO:     Application startup complete.
ERROR:    [Errno 10048] error while attempting to bind on address ('127.0.0.1', 8765): 通常每个套接字地址(协议/网络地址/端口)只允许使用一次。
INFO:     Waiting for application shutdown.
INFO:     Application shutdown complete.
[run_backend] Backend exited unexpectedly (code=1, signal=null). Restarting in 1500ms...
INFO:     Started server process [116144]
INFO:     Waiting for application startup.
INFO:     Application startup complete.
INFO:     Uvicorn running on http://127.0.0.1:8765 (Press CTRL+C to quit)
[run_backend] Backend exited unexpectedly (code=1, signal=null). Restarting in 1500ms...
INFO:     Started server process [97012]
INFO:     Waiting for application startup.
INFO:     Application startup complete.
ERROR:    [Errno 10048] error while attempting to bind on address ('127.0.0.1', 8765): 通常每个套接字地址(协议/网络地址/端口)只允许使用一次。
INFO:     Waiting for application shutdown.
INFO:     Application shutdown complete.
[run_backend] Backend exited unexpectedly (code=1, signal=null). Restarting in 1500ms...
INFO:     Started server process [116164]
INFO:     Waiting for application startup.
INFO:     Application startup complete.
INFO:     Uvicorn running on http://127.0.0.1:8765 (Press CTRL+C to quit)
[run_backend] Backend exited unexpectedly (code=1, signal=null). Restarting in 1500ms...
INFO:     Started server process [116388]
INFO:     Waiting for application startup.
INFO:     Application startup complete.
ERROR:    [Errno 10048] error while attempting to bind on address ('127.0.0.1', 8765): 通常每个套接字地址(协议/网络地址/端口)只允许使用一次。
INFO:     Waiting for application shutdown.
INFO:     Application shutdown complete.
[run_backend] Backend exited unexpectedly (code=1, signal=null). Restarting in 1500ms...
INFO:     Started server process [115592]
INFO:     Waiting for application startup.
INFO:     Application startup complete.
INFO:     Uvicorn running on http://127.0.0.1:8765 (Press CTRL+C to quit)
[run_backend] Backend exited unexpectedly (code=1, signal=null). Restarting in 1500ms...
INFO:     Started server process [97632]
INFO:     Waiting for application startup.
INFO:     Application startup complete.
ERROR:    [Errno 10048] error while attempting to bind on address ('127.0.0.1', 8765): 通常每个套接字地址(协议/网络地址/端口)只允许使用一次。
INFO:     Waiting for application shutdown.
INFO:     Application shutdown complete.
[run_backend] Backend exited unexpectedly (code=1, signal=null). Restarting in 1500ms...
[run_backend] Backend exited unexpectedly (code=3221225786, signal=null). Restarting in 1500ms...
