
> voice-imitation-studio@0.1.0 backend:dev
> node scripts/run_backend.cjs --port 8765

[run_backend] Port 8765 is already in use by PID(s): 115748. Attempting cleanup.
[run_backend] Could not stop PID 115748.
[run_backend] Port 8765 is already in use by PID(s): 114720. Attempting cleanup.
[run_backend] Stopped PID 114720.
[run_backend] Port 8765 is already in use by PID(s): 99400. Attempting cleanup.
[run_backend] Stopped PID 99400.
[run_backend] Port 8765 is already in use by PID(s): 70520. Attempting cleanup.
[run_backend] Stopped PID 70520.
[run_backend] Port 8765 is already in use by PID(s): 113796. Attempting cleanup.
[run_backend] Stopped PID 113796.
[run_backend] Port 8765 is already in use by PID(s): 93212. Attempting cleanup.
[run_backend] Stopped PID 93212.
[run_backend] Port 8765 is already in use by PID(s): 112716. Attempting cleanup.
[run_backend] Stopped PID 112716.
[run_backend] Port 8765 is already in use by PID(s): 79432. Attempting cleanup.
[run_backend] Stopped PID 79432.
[run_backend] Port 8765 is already in use by PID(s): 113640. Attempting cleanup.
[run_backend] Stopped PID 113640.
[run_backend] Port 8765 is already in use by PID(s): 114008. Attempting cleanup.
[run_backend] Stopped PID 114008.
[run_backend] Port 8765 is already in use by PID(s): 102520. Attempting cleanup.
[run_backend] Stopped PID 102520.
INFO:     127.0.0.1:64731 - "GET /api/jobs/job_profile_async65_smoke HTTP/1.1" 200 OK
[run_backend] Port 8765 is already in use by PID(s): 113896. Attempting cleanup.
[run_backend] Stopped PID 113896.
INFO:     127.0.0.1:64739 - "GET /api/jobs/job_profile_async65_smoke HTTP/1.1" 200 OK
[run_backend] Port 8765 is already in use by PID(s): 76204. Attempting cleanup.
[run_backend] Stopped PID 76204.
INFO:     127.0.0.1:64745 - "GET /api/jobs/job_profile_async65_smoke HTTP/1.1" 200 OK
[run_backend] Port 8765 is already in use by PID(s): 116240. Attempting cleanup.
[run_backend] Stopped PID 116240.
INFO:     127.0.0.1:64759 - "GET /api/jobs/job_profile_async65_smoke HTTP/1.1" 200 OK
[run_backend] Port 8765 is already in use by PID(s): 115452. Attempting cleanup.
[run_backend] Stopped PID 115452.
INFO:     127.0.0.1:64767 - "GET /api/jobs/job_profile_async65_smoke HTTP/1.1" 200 OK
[run_backend] Port 8765 is already in use by PID(s): 111652. Attempting cleanup.
[run_backend] Stopped PID 111652.
INFO:     127.0.0.1:64773 - "GET /api/jobs/job_profile_async65_smoke HTTP/1.1" 200 OK
[run_backend] Port 8765 is already in use by PID(s): 115636. Attempting cleanup.
[run_backend] Stopped PID 115636.
INFO:     127.0.0.1:64779 - "GET /api/jobs/job_profile_async65_smoke HTTP/1.1" 200 OK
[run_backend] Port 8765 is already in use by PID(s): 102496. Attempting cleanup.
[run_backend] Stopped PID 102496.
INFO:     127.0.0.1:64785 - "GET /api/jobs/job_profile_async65_smoke HTTP/1.1" 200 OK
[run_backend] Port 8765 is already in use by PID(s): 116304. Attempting cleanup.
[run_backend] Stopped PID 116304.
INFO:     127.0.0.1:64791 - "GET /api/jobs/job_profile_async65_smoke HTTP/1.1" 200 OK
[run_backend] Port 8765 is already in use by PID(s): 112504. Attempting cleanup.
[run_backend] Stopped PID 112504.
INFO:     127.0.0.1:64797 - "GET /api/jobs/job_profile_async65_smoke HTTP/1.1" 200 OK
[run_backend] Port 8765 is already in use by PID(s): 111504. Attempting cleanup.
[run_backend] Stopped PID 111504.
INFO:     127.0.0.1:64813 - "GET /api/jobs/job_profile_async65_smoke HTTP/1.1" 200 OK
[run_backend] Port 8765 is already in use by PID(s): 103700. Attempting cleanup.
[run_backend] Stopped PID 103700.
INFO:     127.0.0.1:64819 - "GET /api/jobs/job_profile_async65_smoke HTTP/1.1" 200 OK
[run_backend] Port 8765 is already in use by PID(s): 116800. Attempting cleanup.
[run_backend] Stopped PID 116800.
[run_backend] Port 8765 is already in use by PID(s): 105544. Attempting cleanup.
[run_backend] Stopped PID 105544.
[run_backend] Port 8765 is already in use by PID(s): 97796. Attempting cleanup.
[run_backend] Stopped PID 97796.
[run_backend] Port 8765 is already in use by PID(s): 106840. Attempting cleanup.
[run_backend] Stopped PID 106840.
[run_backend] Port 8765 is already in use by PID(s): 109892. Attempting cleanup.
[run_backend] Stopped PID 109892.
[run_backend] Port 8765 is already in use by PID(s): 108660. Attempting cleanup.
[run_backend] Stopped PID 108660.
[run_backend] Port 8765 is already in use by PID(s): 115444. Attempting cleanup.
[run_backend] Stopped PID 115444.
[run_backend] Port 8765 is already in use by PID(s): 108508. Attempting cleanup.
[run_backend] Stopped PID 108508.
[run_backend] Port 8765 is already in use by PID(s): 68572. Attempting cleanup.
[run_backend] Stopped PID 68572.
[run_backend] Port 8765 is already in use by PID(s): 97760. Attempting cleanup.
[run_backend] Stopped PID 97760.
[run_backend] Port 8765 is already in use by PID(s): 8572. Attempting cleanup.
[run_backend] Stopped PID 8572.
[run_backend] Port 8765 is already in use by PID(s): 117420. Attempting cleanup.
[run_backend] Stopped PID 117420.
[run_backend] Port 8765 is already in use by PID(s): 115812. Attempting cleanup.
[run_backend] Stopped PID 115812.
[run_backend] Port 8765 is already in use by PID(s): 113016. Attempting cleanup.
[run_backend] Stopped PID 113016.
[run_backend] Port 8765 is already in use by PID(s): 90256. Attempting cleanup.
[run_backend] Stopped PID 90256.
[run_backend] Port 8765 is already in use by PID(s): 70356. Attempting cleanup.
[run_backend] Stopped PID 70356.
[run_backend] Port 8765 is already in use by PID(s): 111104. Attempting cleanup.
[run_backend] Stopped PID 111104.
[run_backend] Port 8765 is already in use by PID(s): 110248. Attempting cleanup.
[run_backend] Stopped PID 110248.
[run_backend] Port 8765 is already in use by PID(s): 111480. Attempting cleanup.
[run_backend] Stopped PID 111480.
[run_backend] Port 8765 is already in use by PID(s): 2628. Attempting cleanup.
[run_backend] Stopped PID 2628.
[run_backend] Port 8765 is already in use by PID(s): 115820. Attempting cleanup.
[run_backend] Stopped PID 115820.
[run_backend] Port 8765 is already in use by PID(s): 78676. Attempting cleanup.
[run_backend] Stopped PID 78676.
[run_backend] Port 8765 is already in use by PID(s): 86564. Attempting cleanup.
[run_backend] Stopped PID 86564.
[run_backend] Port 8765 is already in use by PID(s): 77564. Attempting cleanup.
[run_backend] Stopped PID 77564.
INFO:     127.0.0.1:65036 - "GET /api/setup-status HTTP/1.1" 200 OK
[run_backend] Port 8765 is already in use by PID(s): 103248. Attempting cleanup.
[run_backend] Stopped PID 103248.
[run_backend] Port 8765 is already in use by PID(s): 108536. Attempting cleanup.
[run_backend] Stopped PID 108536.
[run_backend] Port 8765 is already in use by PID(s): 113620. Attempting cleanup.
[run_backend] Stopped PID 113620.
[run_backend] Port 8765 is already in use by PID(s): 105880. Attempting cleanup.
[run_backend] Stopped PID 105880.
INFO:     127.0.0.1:65078 - "GET /api/jobs/job_profile_async65b_smoke HTTP/1.1" 200 OK
[run_backend] Port 8765 is already in use by PID(s): 100960. Attempting cleanup.
[run_backend] Stopped PID 100960.
INFO:     127.0.0.1:65084 - "GET /api/jobs/job_profile_async65b_smoke HTTP/1.1" 200 OK
[run_backend] Port 8765 is already in use by PID(s): 115904. Attempting cleanup.
[run_backend] Stopped PID 115904.
INFO:     127.0.0.1:65090 - "GET /api/jobs/job_profile_async65b_smoke HTTP/1.1" 200 OK
[run_backend] Port 8765 is already in use by PID(s): 94936. Attempting cleanup.
[run_backend] Stopped PID 94936.
INFO:     127.0.0.1:65097 - "GET /api/jobs/job_profile_async65b_smoke HTTP/1.1" 200 OK
[run_backend] Port 8765 is already in use by PID(s): 113240. Attempting cleanup.
[run_backend] Stopped PID 113240.
INFO:     127.0.0.1:65103 - "GET /api/jobs/job_profile_async65b_smoke HTTP/1.1" 200 OK
[run_backend] Port 8765 is already in use by PID(s): 115208. Attempting cleanup.
[run_backend] Stopped PID 115208.
INFO:     127.0.0.1:65109 - "GET /api/jobs/job_profile_async65b_smoke HTTP/1.1" 200 OK
[run_backend] Port 8765 is already in use by PID(s): 107668. Attempting cleanup.
[run_backend] Stopped PID 107668.
INFO:     127.0.0.1:65132 - "GET /api/jobs/job_profile_async65b_smoke HTTP/1.1" 200 OK
[run_backend] Port 8765 is already in use by PID(s): 115496. Attempting cleanup.
[run_backend] Stopped PID 115496.
INFO:     127.0.0.1:65140 - "GET /api/jobs/job_profile_async65b_smoke HTTP/1.1" 200 OK
[run_backend] Port 8765 is already in use by PID(s): 105752. Attempting cleanup.
[run_backend] Stopped PID 105752.
INFO:     127.0.0.1:65146 - "GET /api/jobs/job_profile_async65b_smoke HTTP/1.1" 200 OK
[run_backend] Port 8765 is already in use by PID(s): 112780. Attempting cleanup.
[run_backend] Stopped PID 112780.
INFO:     127.0.0.1:65152 - "GET /api/jobs/job_profile_async65b_smoke HTTP/1.1" 200 OK
[run_backend] Port 8765 is already in use by PID(s): 115044. Attempting cleanup.
[run_backend] Stopped PID 115044.
INFO:     127.0.0.1:65158 - "GET /api/jobs/job_profile_async65b_smoke HTTP/1.1" 200 OK
[run_backend] Port 8765 is already in use by PID(s): 115860. Attempting cleanup.
[run_backend] Stopped PID 115860.
INFO:     127.0.0.1:65164 - "GET /api/jobs/job_profile_async65b_smoke HTTP/1.1" 200 OK
[run_backend] Port 8765 is already in use by PID(s): 101988. Attempting cleanup.
[run_backend] Stopped PID 101988.
INFO:     127.0.0.1:65172 - "GET /api/jobs/job_profile_async65b_smoke HTTP/1.1" 200 OK
[run_backend] Port 8765 is already in use by PID(s): 108688. Attempting cleanup.
[run_backend] Stopped PID 108688.
INFO:     127.0.0.1:65188 - "GET /api/jobs/job_profile_async65b_smoke HTTP/1.1" 200 OK
[run_backend] Port 8765 is already in use by PID(s): 107164. Attempting cleanup.
[run_backend] Stopped PID 107164.
INFO:     127.0.0.1:65193 - "GET /api/jobs/job_profile_async65b_smoke HTTP/1.1" 200 OK
[run_backend] Port 8765 is already in use by PID(s): 102628. Attempting cleanup.
[run_backend] Stopped PID 102628.
INFO:     127.0.0.1:65200 - "GET /api/jobs/job_profile_async65b_smoke HTTP/1.1" 200 OK
INFO:     127.0.0.1:65206 - "GET /api/jobs/job_profile_async65b_smoke HTTP/1.1" 200 OK
INFO:     127.0.0.1:65207 - "GET /api/jobs/job_profile_async65b_smoke HTTP/1.1" 200 OK
[run_backend] Port 8765 is already in use by PID(s): 111460. Attempting cleanup.
[run_backend] Stopped PID 111460.
INFO:     127.0.0.1:65213 - "GET /api/jobs/job_profile_async65b_smoke HTTP/1.1" 200 OK
[run_backend] Port 8765 is already in use by PID(s): 116308. Attempting cleanup.
[run_backend] Stopped PID 116308.
INFO:     127.0.0.1:65219 - "GET /api/jobs/job_profile_async65b_smoke HTTP/1.1" 200 OK
[run_backend] Port 8765 is already in use by PID(s): 115608. Attempting cleanup.
[run_backend] Stopped PID 115608.
INFO:     127.0.0.1:65225 - "GET /api/jobs/job_profile_async65b_smoke HTTP/1.1" 200 OK
[run_backend] Port 8765 is already in use by PID(s): 117708. Attempting cleanup.
[run_backend] Stopped PID 117708.
INFO:     127.0.0.1:65229 - "GET /api/jobs/job_profile_async65b_smoke HTTP/1.1" 200 OK
[run_backend] Port 8765 is already in use by PID(s): 114332. Attempting cleanup.
[run_backend] Stopped PID 114332.
INFO:     127.0.0.1:65247 - "GET /api/jobs/job_profile_async65b_smoke HTTP/1.1" 200 OK
[run_backend] Port 8765 is already in use by PID(s): 90728. Attempting cleanup.
[run_backend] Stopped PID 90728.
INFO:     127.0.0.1:65253 - "GET /api/jobs/job_profile_async65b_smoke HTTP/1.1" 200 OK
[run_backend] Port 8765 is already in use by PID(s): 86948. Attempting cleanup.
[run_backend] Stopped PID 86948.
INFO:     127.0.0.1:65259 - "GET /api/jobs/job_profile_async65b_smoke HTTP/1.1" 200 OK
[run_backend] Port 8765 is already in use by PID(s): 77696. Attempting cleanup.
[run_backend] Stopped PID 77696.
INFO:     127.0.0.1:65265 - "GET /api/jobs/job_profile_async65b_smoke HTTP/1.1" 200 OK
[run_backend] Port 8765 is already in use by PID(s): 107416. Attempting cleanup.
[run_backend] Stopped PID 107416.
INFO:     127.0.0.1:65273 - "GET /api/jobs/job_profile_async65b_smoke HTTP/1.1" 200 OK
[run_backend] Port 8765 is already in use by PID(s): 113332. Attempting cleanup.
[run_backend] Stopped PID 113332.
INFO:     127.0.0.1:65279 - "GET /api/jobs/job_profile_async65b_smoke HTTP/1.1" 200 OK
[run_backend] Port 8765 is already in use by PID(s): 113304. Attempting cleanup.
[run_backend] Stopped PID 113304.
INFO:     127.0.0.1:65285 - "GET /api/jobs/job_profile_async65b_smoke HTTP/1.1" 200 OK
[run_backend] Port 8765 is already in use by PID(s): 83476. Attempting cleanup.
[run_backend] Stopped PID 83476.
INFO:     127.0.0.1:65291 - "GET /api/jobs/job_profile_async65b_smoke HTTP/1.1" 200 OK
[run_backend] Port 8765 is already in use by PID(s): 105716. Attempting cleanup.
[run_backend] Stopped PID 105716.
INFO:     127.0.0.1:65307 - "GET /api/jobs/job_profile_async65b_smoke HTTP/1.1" 200 OK
[run_backend] Port 8765 is already in use by PID(s): 64564. Attempting cleanup.
[run_backend] Stopped PID 64564.
INFO:     127.0.0.1:65313 - "GET /api/jobs/job_profile_async65b_smoke HTTP/1.1" 200 OK
[run_backend] Port 8765 is already in use by PID(s): 112936. Attempting cleanup.
[run_backend] Stopped PID 112936.
INFO:     127.0.0.1:65321 - "GET /api/jobs/job_profile_async65b_smoke HTTP/1.1" 200 OK
[run_backend] Port 8765 is already in use by PID(s): 75004. Attempting cleanup.
[run_backend] Stopped PID 75004.
INFO:     127.0.0.1:65325 - "GET /api/jobs/job_profile_async65b_smoke HTTP/1.1" 200 OK
[run_backend] Port 8765 is already in use by PID(s): 117284. Attempting cleanup.
[run_backend] Stopped PID 117284.
INFO:     127.0.0.1:65331 - "GET /api/jobs/job_profile_async65b_smoke HTTP/1.1" 200 OK
[run_backend] Port 8765 is already in use by PID(s): 85164. Attempting cleanup.
[run_backend] Stopped PID 85164.
INFO:     127.0.0.1:65339 - "GET /api/jobs/job_profile_async65b_smoke HTTP/1.1" 200 OK
[run_backend] Port 8765 is already in use by PID(s): 103096. Attempting cleanup.
[run_backend] Stopped PID 103096.
INFO:     127.0.0.1:65345 - "GET /api/jobs/job_profile_async65b_smoke HTTP/1.1" 200 OK
[run_backend] Port 8765 is already in use by PID(s): 83140. Attempting cleanup.
[run_backend] Stopped PID 83140.
INFO:     127.0.0.1:65362 - "GET /api/jobs/job_profile_async65b_smoke HTTP/1.1" 200 OK
[run_backend] Port 8765 is already in use by PID(s): 115716. Attempting cleanup.
[run_backend] Stopped PID 115716.
INFO:     127.0.0.1:65369 - "GET /api/jobs/job_profile_async65b_smoke HTTP/1.1" 200 OK
[run_backend] Port 8765 is already in use by PID(s): 88036. Attempting cleanup.
[run_backend] Stopped PID 88036.
INFO:     127.0.0.1:65375 - "GET /api/jobs/job_profile_async65b_smoke HTTP/1.1" 200 OK
[run_backend] Port 8765 is already in use by PID(s): 103096. Attempting cleanup.
[run_backend] Stopped PID 103096.
[run_backend] Port 8765 is already in use by PID(s): 76332. Attempting cleanup.
[run_backend] Stopped PID 76332.
[run_backend] Port 8765 is already in use by PID(s): 112836. Attempting cleanup.
[run_backend] Stopped PID 112836.
[run_backend] Port 8765 is already in use by PID(s): 117652. Attempting cleanup.
[run_backend] Stopped PID 117652.
[run_backend] Port 8765 is already in use by PID(s): 109676. Attempting cleanup.
[run_backend] Stopped PID 109676.
[run_backend] Port 8765 is already in use by PID(s): 72972. Attempting cleanup.
[run_backend] Stopped PID 72972.
[run_backend] Port 8765 is already in use by PID(s): 18400. Attempting cleanup.
[run_backend] Stopped PID 18400.
[run_backend] Port 8765 is already in use by PID(s): 99608. Attempting cleanup.
[run_backend] Stopped PID 99608.
[run_backend] Port 8765 is already in use by PID(s): 110736. Attempting cleanup.
[run_backend] Stopped PID 110736.
[run_backend] Port 8765 is already in use by PID(s): 114344. Attempting cleanup.
[run_backend] Stopped PID 114344.
[run_backend] Port 8765 is already in use by PID(s): 116368. Attempting cleanup.
[run_backend] Stopped PID 116368.
[run_backend] Port 8765 is already in use by PID(s): 111960. Attempting cleanup.
[run_backend] Stopped PID 111960.
[run_backend] Port 8765 is already in use by PID(s): 116796. Attempting cleanup.
[run_backend] Stopped PID 116796.
[run_backend] Port 8765 is already in use by PID(s): 73588. Attempting cleanup.
[run_backend] Stopped PID 73588.
[run_backend] Port 8765 is already in use by PID(s): 111632. Attempting cleanup.
[run_backend] Stopped PID 111632.
[run_backend] Port 8765 is already in use by PID(s): 101916. Attempting cleanup.
[run_backend] Stopped PID 101916.
[run_backend] Port 8765 is already in use by PID(s): 75832. Attempting cleanup.
[run_backend] Stopped PID 75832.
[run_backend] Port 8765 is already in use by PID(s): 117532. Attempting cleanup.
[run_backend] Stopped PID 117532.
[run_backend] Port 8765 is already in use by PID(s): 112024. Attempting cleanup.
[run_backend] Stopped PID 112024.
[run_backend] Port 8765 is already in use by PID(s): 116640. Attempting cleanup.
[run_backend] Stopped PID 116640.
[run_backend] Port 8765 is already in use by PID(s): 113524. Attempting cleanup.
[run_backend] Stopped PID 113524.
[run_backend] Port 8765 is already in use by PID(s): 117712. Attempting cleanup.
[run_backend] Stopped PID 117712.
[run_backend] Port 8765 is already in use by PID(s): 30500. Attempting cleanup.
[run_backend] Stopped PID 30500.
[run_backend] Port 8765 is already in use by PID(s): 105960. Attempting cleanup.
[run_backend] Stopped PID 105960.
[run_backend] Port 8765 is already in use by PID(s): 106628. Attempting cleanup.
[run_backend] Stopped PID 106628.
[run_backend] Port 8765 is already in use by PID(s): 81636. Attempting cleanup.
[run_backend] Stopped PID 81636.
[run_backend] Port 8765 is already in use by PID(s): 17824. Attempting cleanup.
[run_backend] Stopped PID 17824.
[run_backend] Port 8765 is already in use by PID(s): 39908. Attempting cleanup.
[run_backend] Stopped PID 39908.
[run_backend] Port 8765 is already in use by PID(s): 114564. Attempting cleanup.
[run_backend] Stopped PID 114564.
[run_backend] Port 8765 is already in use by PID(s): 94692. Attempting cleanup.
[run_backend] Stopped PID 94692.
[run_backend] Port 8765 is already in use by PID(s): 100200. Attempting cleanup.
[run_backend] Stopped PID 100200.
INFO:     127.0.0.1:49239 - "GET /api/jobs/job_profile_worker65_smoke HTTP/1.1" 200 OK
INFO:     127.0.0.1:49242 - "GET /api/jobs/job_profile_worker65_smoke HTTP/1.1" 200 OK
INFO:     127.0.0.1:49243 - "GET /api/jobs/job_profile_worker65_smoke HTTP/1.1" 200 OK
INFO:     127.0.0.1:49244 - "GET /api/jobs/job_profile_worker65_smoke HTTP/1.1" 200 OK
[run_backend] Port 8765 is already in use by PID(s): 116776. Attempting cleanup.
[run_backend] Stopped PID 116776.
INFO:     127.0.0.1:49251 - "GET /api/jobs/job_profile_worker65_smoke HTTP/1.1" 200 OK
[run_backend] Port 8765 is already in use by PID(s): 96560. Attempting cleanup.
[run_backend] Stopped PID 96560.
INFO:     127.0.0.1:49262 - "GET /api/jobs/job_profile_worker65_smoke HTTP/1.1" 200 OK
[run_backend] Port 8765 is already in use by PID(s): 97244. Attempting cleanup.
[run_backend] Stopped PID 97244.
INFO:     127.0.0.1:49275 - "GET /api/jobs/job_profile_worker65_smoke HTTP/1.1" 200 OK
INFO:     127.0.0.1:49278 - "GET /api/jobs/job_profile_worker65_smoke HTTP/1.1" 200 OK
INFO:     127.0.0.1:49279 - "GET /api/jobs/job_profile_worker65_smoke HTTP/1.1" 200 OK
INFO:     127.0.0.1:49280 - "GET /api/jobs/job_profile_worker65_smoke HTTP/1.1" 200 OK
[run_backend] Port 8765 is already in use by PID(s): 106380. Attempting cleanup.
[run_backend] Stopped PID 106380.
INFO:     127.0.0.1:49300 - "GET /api/jobs/job_profile_worker65_smoke HTTP/1.1" 200 OK
INFO:     127.0.0.1:49307 - "GET /api/jobs/job_profile_worker65_smoke HTTP/1.1" 200 OK
INFO:     127.0.0.1:49308 - "GET /api/jobs/job_profile_worker65_smoke HTTP/1.1" 200 OK
[run_backend] Port 8765 is already in use by PID(s): 116072. Attempting cleanup.
[run_backend] Stopped PID 116072.
INFO:     127.0.0.1:49316 - "GET /api/jobs/job_profile_worker65_smoke HTTP/1.1" 200 OK
[run_backend] Port 8765 is already in use by PID(s): 17616. Attempting cleanup.
[run_backend] Stopped PID 17616.
[run_backend] Port 8765 is already in use by PID(s): 113408. Attempting cleanup.
[run_backend] Stopped PID 113408.
[run_backend] Port 8765 is already in use by PID(s): 111304. Attempting cleanup.
[run_backend] Stopped PID 111304.
INFO:     127.0.0.1:49335 - "GET /api/setup-status HTTP/1.1" 200 OK
[run_backend] Port 8765 is already in use by PID(s): 116212. Attempting cleanup.
[run_backend] Stopped PID 116212.
[run_backend] Port 8765 is already in use by PID(s): 71564. Attempting cleanup.
[run_backend] Stopped PID 71564.
[run_backend] Port 8765 is already in use by PID(s): 100792. Attempting cleanup.
[run_backend] Stopped PID 100792.
[run_backend] Port 8765 is already in use by PID(s): 91800. Attempting cleanup.
[run_backend] Stopped PID 91800.
[run_backend] Port 8765 is already in use by PID(s): 104820. Attempting cleanup.
[run_backend] Stopped PID 104820.
[run_backend] Port 8765 is already in use by PID(s): 110392. Attempting cleanup.
[run_backend] Stopped PID 110392.
[run_backend] Port 8765 is already in use by PID(s): 108096. Attempting cleanup.
[run_backend] Stopped PID 108096.
[run_backend] Port 8765 is already in use by PID(s): 116084. Attempting cleanup.
[run_backend] Stopped PID 116084.
[run_backend] Port 8765 is already in use by PID(s): 113304. Attempting cleanup.
[run_backend] Stopped PID 113304.
[run_backend] Port 8765 is already in use by PID(s): 108104. Attempting cleanup.
[run_backend] Stopped PID 108104.
[run_backend] Port 8765 is already in use by PID(s): 113896. Attempting cleanup.
[run_backend] Stopped PID 113896.
[run_backend] Port 8765 is already in use by PID(s): 117444. Attempting cleanup.
[run_backend] Stopped PID 117444.
[run_backend] Port 8765 is already in use by PID(s): 115692. Attempting cleanup.
[run_backend] Stopped PID 115692.
[run_backend] Port 8765 is already in use by PID(s): 114576. Attempting cleanup.
[run_backend] Stopped PID 114576.
[run_backend] Port 8765 is already in use by PID(s): 112632. Attempting cleanup.
[run_backend] Stopped PID 112632.
[run_backend] Port 8765 is already in use by PID(s): 98392. Attempting cleanup.
[run_backend] Stopped PID 98392.
[run_backend] Port 8765 is already in use by PID(s): 111508. Attempting cleanup.
[run_backend] Stopped PID 111508.
[run_backend] Port 8765 is already in use by PID(s): 111856. Attempting cleanup.
[run_backend] Stopped PID 111856.
[run_backend] Port 8765 is already in use by PID(s): 85708. Attempting cleanup.
[run_backend] Stopped PID 85708.
[run_backend] Port 8765 is already in use by PID(s): 107100. Attempting cleanup.
[run_backend] Stopped PID 107100.
[run_backend] Port 8765 is already in use by PID(s): 114120. Attempting cleanup.
[run_backend] Stopped PID 114120.
[run_backend] Port 8765 is already in use by PID(s): 116340. Attempting cleanup.
[run_backend] Stopped PID 116340.
[run_backend] Port 8765 is already in use by PID(s): 106656. Attempting cleanup.
[run_backend] Stopped PID 106656.
