INFO:     Started server process [72316]
INFO:     Waiting for application startup.
INFO:     Application startup complete.
INFO:     Uvicorn running on http://127.0.0.1:8765 (Press CTRL+C to quit)
ERROR:    Exception in ASGI application
Traceback (most recent call last):
  File "C:\Users\DELL\AppData\Local\Programs\Python\Python310\lib\site-packages\uvicorn\protocols\http\httptools_impl.py", line 409, in run_asgi
    result = await app(  # type: ignore[func-returns-value]
  File "C:\Users\DELL\AppData\Local\Programs\Python\Python310\lib\site-packages\uvicorn\middleware\proxy_headers.py", line 60, in __call__
    return await self.app(scope, receive, send)
  File "C:\Users\DELL\AppData\Local\Programs\Python\Python310\lib\site-packages\fastapi\applications.py", line 1054, in __call__
    await super().__call__(scope, receive, send)
  File "C:\Users\DELL\AppData\Local\Programs\Python\Python310\lib\site-packages\starlette\applications.py", line 112, in __call__
    await self.middleware_stack(scope, receive, send)
  File "C:\Users\DELL\AppData\Local\Programs\Python\Python310\lib\site-packages\starlette\middleware\errors.py", line 187, in __call__
    raise exc
  File "C:\Users\DELL\AppData\Local\Programs\Python\Python310\lib\site-packages\starlette\middleware\errors.py", line 165, in __call__
    await self.app(scope, receive, _send)
  File "C:\Users\DELL\AppData\Local\Programs\Python\Python310\lib\site-packages\starlette\middleware\cors.py", line 85, in __call__
    await self.app(scope, receive, send)
  File "C:\Users\DELL\AppData\Local\Programs\Python\Python310\lib\site-packages\starlette\middleware\exceptions.py", line 62, in __call__
    await wrap_app_handling_exceptions(self.app, conn)(scope, receive, send)
  File "C:\Users\DELL\AppData\Local\Programs\Python\Python310\lib\site-packages\starlette\_exception_handler.py", line 53, in wrapped_app
    raise exc
  File "C:\Users\DELL\AppData\Local\Programs\Python\Python310\lib\site-packages\starlette\_exception_handler.py", line 42, in wrapped_app
    await app(scope, receive, sender)
  File "C:\Users\DELL\AppData\Local\Programs\Python\Python310\lib\site-packages\starlette\routing.py", line 714, in __call__
    await self.middleware_stack(scope, receive, send)
  File "C:\Users\DELL\AppData\Local\Programs\Python\Python310\lib\site-packages\starlette\routing.py", line 734, in app
    await route.handle(scope, receive, send)
  File "C:\Users\DELL\AppData\Local\Programs\Python\Python310\lib\site-packages\starlette\routing.py", line 288, in handle
    await self.app(scope, receive, send)
  File "C:\Users\DELL\AppData\Local\Programs\Python\Python310\lib\site-packages\starlette\routing.py", line 76, in app
    await wrap_app_handling_exceptions(app, request)(scope, receive, send)
  File "C:\Users\DELL\AppData\Local\Programs\Python\Python310\lib\site-packages\starlette\_exception_handler.py", line 53, in wrapped_app
    raise exc
  File "C:\Users\DELL\AppData\Local\Programs\Python\Python310\lib\site-packages\starlette\_exception_handler.py", line 42, in wrapped_app
    await app(scope, receive, sender)
  File "C:\Users\DELL\AppData\Local\Programs\Python\Python310\lib\site-packages\starlette\routing.py", line 73, in app
    response = await f(request)
  File "C:\Users\DELL\AppData\Local\Programs\Python\Python310\lib\site-packages\fastapi\routing.py", line 301, in app
    raw_response = await run_endpoint_function(
  File "C:\Users\DELL\AppData\Local\Programs\Python\Python310\lib\site-packages\fastapi\routing.py", line 214, in run_endpoint_function
    return await run_in_threadpool(dependant.call, **values)
  File "C:\Users\DELL\AppData\Local\Programs\Python\Python310\lib\site-packages\starlette\concurrency.py", line 37, in run_in_threadpool
    return await anyio.to_thread.run_sync(func)
  File "C:\Users\DELL\AppData\Local\Programs\Python\Python310\lib\site-packages\anyio\to_thread.py", line 56, in run_sync
    return await get_async_backend().run_sync_in_worker_thread(
  File "C:\Users\DELL\AppData\Local\Programs\Python\Python310\lib\site-packages\anyio\_backends\_asyncio.py", line 2485, in run_sync_in_worker_thread
    return await future
  File "C:\Users\DELL\AppData\Local\Programs\Python\Python310\lib\site-packages\anyio\_backends\_asyncio.py", line 976, in run
    result = context.run(func, *args)
  File "D:\CODE\code\forfun\Voice imitation\backend\app\routers\tts.py", line 12, in synthesize
    return service.synthesize(request)
  File "D:\CODE\code\forfun\Voice imitation\backend\app\services.py", line 178, in synthesize
    profile = read_profile(request.profileId)
  File "D:\CODE\code\forfun\Voice imitation\backend\app\storage.py", line 99, in read_profile
    return read_model(PROFILES / f"{profile_id}.json", VoiceProfile)
  File "D:\CODE\code\forfun\Voice imitation\backend\app\storage.py", line 43, in read_model
    return model_type.model_validate_json(path.read_text(encoding="utf-8"))
  File "C:\Users\DELL\AppData\Local\Programs\Python\Python310\lib\pathlib.py", line 1134, in read_text
    with self.open(mode='r', encoding=encoding, errors=errors) as f:
  File "C:\Users\DELL\AppData\Local\Programs\Python\Python310\lib\pathlib.py", line 1119, in open
    return self._accessor.open(self, mode, buffering, encoding, errors,
FileNotFoundError: [Errno 2] No such file or directory: 'storage\\profiles\\profile_23d295aa8f27.json'
